Performing C SOURCE FILE Test CMAKE_HAVE_LIBC_PTHREAD failed with the following output:
Change Dir: /home/serge/Thesis/PC/robot/build/CMakeFiles/CMakeTmp

Run Build Command(s):/usr/bin/make cmTC_f6b20/fast && /usr/bin/make -f CMakeFiles/cmTC_f6b20.dir/build.make CMakeFiles/cmTC_f6b20.dir/build
make[1]: Entering directory '/home/serge/Thesis/PC/robot/build/CMakeFiles/CMakeTmp'
Building C object CMakeFiles/cmTC_f6b20.dir/src.c.o
/usr/bin/cc   -DCMAKE_HAVE_LIBC_PTHREAD   -o CMakeFiles/cmTC_f6b20.dir/src.c.o   -c /home/serge/Thesis/PC/robot/build/CMakeFiles/CMakeTmp/src.c
Linking C executable cmTC_f6b20
/usr/bin/cmake -E cmake_link_script CMakeFiles/cmTC_f6b20.dir/link.txt --verbose=1
/usr/bin/cc  -DCMAKE_HAVE_LIBC_PTHREAD    -rdynamic CMakeFiles/cmTC_f6b20.dir/src.c.o  -o cmTC_f6b20 
/usr/bin/ld: CMakeFiles/cmTC_f6b20.dir/src.c.o: in function `main':
src.c:(.text+0x3e): undefined reference to `pthread_create'
/usr/bin/ld: src.c:(.text+0x4a): undefined reference to `pthread_detach'
/usr/bin/ld: src.c:(.text+0x5b): undefined reference to `pthread_join'
collect2: error: ld returned 1 exit status
make[1]: *** [CMakeFiles/cmTC_f6b20.dir/build.make:87: cmTC_f6b20] Error 1
make[1]: Leaving directory '/home/serge/Thesis/PC/robot/build/CMakeFiles/CMakeTmp'
make: *** [Makefile:121: cmTC_f6b20/fast] Error 2


Source file was:
#include <pthread.h>

void* test_func(void* data)
{
  return data;
}

int main(void)
{
  pthread_t thread;
  pthread_create(&thread, NULL, test_func, NULL);
  pthread_detach(thread);
  pthread_join(thread, NULL);
  pthread_atfork(NULL, NULL, NULL);
  pthread_exit(NULL);

  return 0;
}

Determining if the function pthread_create exists in the pthreads failed with the following output:
Change Dir: /home/serge/Thesis/PC/robot/build/CMakeFiles/CMakeTmp

Run Build Command(s):/usr/bin/make cmTC_6f2b5/fast && /usr/bin/make -f CMakeFiles/cmTC_6f2b5.dir/build.make CMakeFiles/cmTC_6f2b5.dir/build
make[1]: Entering directory '/home/serge/Thesis/PC/robot/build/CMakeFiles/CMakeTmp'
Building C object CMakeFiles/cmTC_6f2b5.dir/CheckFunctionExists.c.o
/usr/bin/cc   -DCHECK_FUNCTION_EXISTS=pthread_create   -o CMakeFiles/cmTC_6f2b5.dir/CheckFunctionExists.c.o   -c /usr/share/cmake-3.16/Modules/CheckFunctionExists.c
Linking C executable cmTC_6f2b5
/usr/bin/cmake -E cmake_link_script CMakeFiles/cmTC_6f2b5.dir/link.txt --verbose=1
/usr/bin/cc  -DCHECK_FUNCTION_EXISTS=pthread_create    -rdynamic CMakeFiles/cmTC_6f2b5.dir/CheckFunctionExists.c.o  -o cmTC_6f2b5  -lpthreads 
/usr/bin/ld: cannot find -lpthreads
collect2: error: ld returned 1 exit status
make[1]: *** [CMakeFiles/cmTC_6f2b5.dir/build.make:87: cmTC_6f2b5] Error 1
make[1]: Leaving directory '/home/serge/Thesis/PC/robot/build/CMakeFiles/CMakeTmp'
make: *** [Makefile:121: cmTC_6f2b5/fast] Error 2



Determining if the Q_WS_WIN exist failed with the following output:
Change Dir: /home/serge/Thesis/PC/robot/build/CMakeFiles/CMakeTmp

Run Build Command(s):/usr/bin/make cmTC_10223/fast && /usr/bin/make -f CMakeFiles/cmTC_10223.dir/build.make CMakeFiles/cmTC_10223.dir/build
make[1]: Entering directory '/home/serge/Thesis/PC/robot/build/CMakeFiles/CMakeTmp'
Building CXX object CMakeFiles/cmTC_10223.dir/CheckSymbolExists.cxx.o
/usr/bin/c++   -I/usr/include/qt4   -o CMakeFiles/cmTC_10223.dir/CheckSymbolExists.cxx.o -c /home/serge/Thesis/PC/robot/build/CMakeFiles/CMakeTmp/CheckSymbolExists.cxx
/home/serge/Thesis/PC/robot/build/CMakeFiles/CMakeTmp/CheckSymbolExists.cxx: In function ‘int main(int, char**)’:
/home/serge/Thesis/PC/robot/build/CMakeFiles/CMakeTmp/CheckSymbolExists.cxx:8:19: error: ‘Q_WS_WIN’ was not declared in this scope
   return ((int*)(&Q_WS_WIN))[argc];
                   ^~~~~~~~
/home/serge/Thesis/PC/robot/build/CMakeFiles/CMakeTmp/CheckSymbolExists.cxx:8:19: note: suggested alternative: ‘Q_WS_X11’
   return ((int*)(&Q_WS_WIN))[argc];
                   ^~~~~~~~
                   Q_WS_X11
make[1]: *** [CMakeFiles/cmTC_10223.dir/build.make:66: CMakeFiles/cmTC_10223.dir/CheckSymbolExists.cxx.o] Error 1
make[1]: Leaving directory '/home/serge/Thesis/PC/robot/build/CMakeFiles/CMakeTmp'
make: *** [Makefile:121: cmTC_10223/fast] Error 2


File /home/serge/Thesis/PC/robot/build/CMakeFiles/CMakeTmp/CheckSymbolExists.cxx:
/* */
#include <QtCore/qglobal.h>

int main(int argc, char** argv)
{
  (void)argv;
#ifndef Q_WS_WIN
  return ((int*)(&Q_WS_WIN))[argc];
#else
  (void)argc;
  return 0;
#endif
}
Determining if the Q_WS_QWS exist failed with the following output:
Change Dir: /home/serge/Thesis/PC/robot/build/CMakeFiles/CMakeTmp

Run Build Command(s):/usr/bin/make cmTC_88578/fast && /usr/bin/make -f CMakeFiles/cmTC_88578.dir/build.make CMakeFiles/cmTC_88578.dir/build
make[1]: Entering directory '/home/serge/Thesis/PC/robot/build/CMakeFiles/CMakeTmp'
Building CXX object CMakeFiles/cmTC_88578.dir/CheckSymbolExists.cxx.o
/usr/bin/c++   -I/usr/include/qt4   -o CMakeFiles/cmTC_88578.dir/CheckSymbolExists.cxx.o -c /home/serge/Thesis/PC/robot/build/CMakeFiles/CMakeTmp/CheckSymbolExists.cxx
/home/serge/Thesis/PC/robot/build/CMakeFiles/CMakeTmp/CheckSymbolExists.cxx: In function ‘int main(int, char**)’:
/home/serge/Thesis/PC/robot/build/CMakeFiles/CMakeTmp/CheckSymbolExists.cxx:8:19: error: ‘Q_WS_QWS’ was not declared in this scope
   return ((int*)(&Q_WS_QWS))[argc];
                   ^~~~~~~~
/home/serge/Thesis/PC/robot/build/CMakeFiles/CMakeTmp/CheckSymbolExists.cxx:8:19: note: suggested alternative: ‘Q_WS_X11’
   return ((int*)(&Q_WS_QWS))[argc];
                   ^~~~~~~~
                   Q_WS_X11
make[1]: *** [CMakeFiles/cmTC_88578.dir/build.make:66: CMakeFiles/cmTC_88578.dir/CheckSymbolExists.cxx.o] Error 1
make[1]: Leaving directory '/home/serge/Thesis/PC/robot/build/CMakeFiles/CMakeTmp'
make: *** [Makefile:121: cmTC_88578/fast] Error 2


File /home/serge/Thesis/PC/robot/build/CMakeFiles/CMakeTmp/CheckSymbolExists.cxx:
/* */
#include <QtCore/qglobal.h>

int main(int argc, char** argv)
{
  (void)argv;
#ifndef Q_WS_QWS
  return ((int*)(&Q_WS_QWS))[argc];
#else
  (void)argc;
  return 0;
#endif
}
Determining if the Q_WS_MAC exist failed with the following output:
Change Dir: /home/serge/Thesis/PC/robot/build/CMakeFiles/CMakeTmp

Run Build Command(s):/usr/bin/make cmTC_73232/fast && /usr/bin/make -f CMakeFiles/cmTC_73232.dir/build.make CMakeFiles/cmTC_73232.dir/build
make[1]: Entering directory '/home/serge/Thesis/PC/robot/build/CMakeFiles/CMakeTmp'
Building CXX object CMakeFiles/cmTC_73232.dir/CheckSymbolExists.cxx.o
/usr/bin/c++   -I/usr/include/qt4   -o CMakeFiles/cmTC_73232.dir/CheckSymbolExists.cxx.o -c /home/serge/Thesis/PC/robot/build/CMakeFiles/CMakeTmp/CheckSymbolExists.cxx
/home/serge/Thesis/PC/robot/build/CMakeFiles/CMakeTmp/CheckSymbolExists.cxx: In function ‘int main(int, char**)’:
/home/serge/Thesis/PC/robot/build/CMakeFiles/CMakeTmp/CheckSymbolExists.cxx:8:19: error: ‘Q_WS_MAC’ was not declared in this scope
   return ((int*)(&Q_WS_MAC))[argc];
                   ^~~~~~~~
/home/serge/Thesis/PC/robot/build/CMakeFiles/CMakeTmp/CheckSymbolExists.cxx:8:19: note: suggested alternative: ‘Q_WS_X11’
   return ((int*)(&Q_WS_MAC))[argc];
                   ^~~~~~~~
                   Q_WS_X11
make[1]: *** [CMakeFiles/cmTC_73232.dir/build.make:66: CMakeFiles/cmTC_73232.dir/CheckSymbolExists.cxx.o] Error 1
make[1]: Leaving directory '/home/serge/Thesis/PC/robot/build/CMakeFiles/CMakeTmp'
make: *** [Makefile:121: cmTC_73232/fast] Error 2


File /home/serge/Thesis/PC/robot/build/CMakeFiles/CMakeTmp/CheckSymbolExists.cxx:
/* */
#include <QtCore/qglobal.h>

int main(int argc, char** argv)
{
  (void)argv;
#ifndef Q_WS_MAC
  return ((int*)(&Q_WS_MAC))[argc];
#else
  (void)argc;
  return 0;
#endif
}
